MAJOR  NFEV  NGEV           OBJFUN            GNORM            CNORM             FEAS              OPT             STEP 
    0     1     1     0.000000E+00     0.000000E+00     1.007995E+02     9.900000E+01     9.900000E+01     9.900000E+01 
    1     2     1     3.482505E+01     0.000000E+00     4.759917E+01     5.282117E+02     1.423868E+04     1.000000E+00 
    2     3     2     3.986120E+01     2.978922E+00     5.151701E+01     3.523770E+02     3.470980E+03     1.000000E+00 
    3     4     3     4.174732E+01     3.194191E+00     3.256630E+01     7.016094E+01     1.188137E+03     1.000000E+00 
    4     5     4     3.685159E+01     3.271985E+00     3.642116E+01     1.822995E+02     2.819151E+02     1.000000E+00 
    5     7     5     3.416759E+01     3.165203E+00     3.232812E+01     7.894438E+01     1.148580E+02     1.000000E+00 
    6     9     6     3.037360E+01     3.042815E+00     3.121242E+01     3.039947E+01     3.726013E+01     1.000000E+00 
    7    10     7     2.679723E+01     2.799512E+00     3.100211E+01     5.911143E+00     1.672593E+01     1.000000E+00 
    8    11     8     2.403560E+01     2.630498E+00     3.116013E+01     1.201474E+01     1.968532E+00     1.000000E+00 
    9    12     9     2.266818E+01     2.496442E+00     3.129997E+01     3.926932E+00     2.197289E+00     1.000000E+00 
   10    13    10     2.183760E+01     2.428154E+00     3.143624E+01     3.553883E+00     4.319220E-01     1.000000E+00 
   11    14    11     2.129999E+01     2.385749E+00     3.159744E+01     4.278267E+00     2.506293E-01     1.000000E+00 
   12    15    12     2.109778E+01     2.359226E+00     3.165914E+01     7.091465E-01     2.371746E-01     1.000000E+00 
   13    16    13     2.056745E+01     2.349278E+00     3.177505E+01     3.244089E+00     3.399051E-02     1.000000E+00 
   14    17    14     2.045702E+01     2.322711E+00     3.181970E+01     5.174348E-01     1.416588E-01     1.000000E+00 
   15    18    15     2.029665E+01     2.318905E+00     3.184212E+01     9.577512E-01     2.243445E-02     1.000000E+00 
   16    19    16     2.012493E+01     2.312891E+00     3.183277E+01     1.049823E+00     4.499644E-02     1.000000E+00 
   17    20    17     1.998476E+01     2.305520E+00     3.178303E+01     2.076692E+00     5.113763E-02     1.000000E+00 
   18    21    18     1.987844E+01     2.300317E+00     3.175119E+01     3.013431E-01     9.585270E-02     1.000000E+00 
   19    22    19     1.977668E+01     2.294996E+00     3.170580E+01     5.676061E-01     1.282873E-02     1.000000E+00 
   20    23    20     1.970049E+01     2.290112E+00     3.168132E+01     3.115991E-01     2.477812E-02     1.000000E+00 
   21    24    21     1.964855E+01     2.285891E+00     3.168158E+01     4.405969E-01     1.249349E-02     1.000000E+00 
   22    25    22     1.962537E+01     2.282758E+00     3.169987E+01     2.498044E-01     1.947563E-02     1.000000E+00 
   23    26    23     1.961013E+01     2.281281E+00     3.172150E+01     1.813068E-01     1.140390E-02     1.000000E+00 
   24    27    24     1.959968E+01     2.280466E+00     3.173431E+01     1.329710E-01     7.879303E-03     1.000000E+00 
   25    28    25     1.959016E+01     2.280125E+00     3.173353E+01     1.329605E-01     6.377811E-03     1.000000E+00 
   26    29    26     1.958230E+01     2.279879E+00     3.172378E+01     6.546622E-02     6.446964E-03     1.000000E+00 
   27    30    27     1.957797E+01     2.279606E+00     3.171274E+01     2.220307E-02     2.989775E-03     1.000000E+00 
   28    31    28     1.957510E+01     2.279393E+00     3.170204E+01     6.180226E-03     7.729449E-04     1.000000E+00 
   29    32    29     1.957368E+01     2.279130E+00     3.169585E+01     1.059097E-02     1.558169E-04     1.000000E+00 
   30    33    30     1.957305E+01     2.278843E+00     3.169516E+01     1.133658E-02     4.727468E-04     1.000000E+00 
   31    34    31     1.957245E+01     2.278634E+00     3.169573E+01     4.290748E-03     5.673364E-04     1.000000E+00 
   32    35    32     1.957197E+01     2.278510E+00     3.169529E+01     4.305590E-03     2.065727E-04     1.000000E+00 
   33    36    33     1.957134E+01     2.278401E+00     3.169194E+01     4.288663E-03     2.058700E-04     1.000000E+00 
   34    37    34     1.957075E+01     2.278298E+00     3.168587E+01     3.193527E-03     2.249225E-04     1.000000E+00 
   35    38    35     1.957045E+01     2.278243E+00     3.168026E+01     1.743396E-03     1.511434E-04     1.000000E+00 
   36    39    36     1.957022E+01     2.278238E+00     3.167533E+01     1.482056E-03     6.803903E-05     1.000000E+00 
   37    40    37     1.956987E+01     2.278239E+00     3.166804E+01     4.547192E-03     5.861955E-05     1.000000E+00 
   38    41    38     1.956954E+01     2.278225E+00     3.165753E+01     1.483910E-02     2.073205E-04     1.000000E+00 
   39    43    39     1.957020E+01     2.278201E+00     3.164662E+01     5.548835E-02     2.481625E-04     1.000000E+00 
   40    45    40     1.957112E+01     2.278174E+00     3.164155E+01     8.714838E-02     3.030363E-04     1.000000E+00 
   41    47    41     1.957139E+01     2.278145E+00     3.163911E+01     9.783619E-02     3.566354E-04     1.000000E+00 
   42    49    42     1.957131E+01     2.278115E+00     3.163695E+01     1.009464E-01     4.096968E-04     1.000000E+00 
   43    51    43     1.957119E+01     2.278085E+00     3.163442E+01     1.039254E-01     4.576134E-04     1.000000E+00 
   44    53    44     1.957111E+01     2.278056E+00     3.163146E+01     1.092047E-01     5.004528E-04     1.000000E+00 
   45    55    45     1.957111E+01     2.278027E+00     3.162810E+01     1.172962E-01     5.390382E-04     1.000000E+00 
   46    57    46     1.957119E+01     2.278000E+00     3.162444E+01     1.280765E-01     5.746182E-04     1.000000E+00 
   47    59    47     1.957134E+01     2.277973E+00     3.162055E+01     1.411653E-01     6.082053E-04     1.000000E+00 
   48    61    48     1.957152E+01     2.277947E+00     3.161652E+01     1.558135E-01     6.406883E-04     1.000000E+00 
   49    63    49     1.957171E+01     2.277921E+00     3.161245E+01     1.710031E-01     6.727397E-04     1.000000E+00 
   50    65    50     1.957187E+01     2.277895E+00     3.160842E+01     1.856097E-01     7.050662E-04     1.000000E+00 
   51    67    51     1.957191E+01     2.277869E+00     3.160453E+01     1.969934E-01     7.423843E-04     1.000000E+00 
   52    69    52     1.957182E+01     2.277843E+00     3.160081E+01     2.047028E-01     7.822911E-04     1.000000E+00 
   53    71    53     1.957161E+01     2.277816E+00     3.159732E+01     2.084425E-01     8.223756E-04     1.000000E+00 
   54    73    54     1.957127E+01     2.277789E+00     3.159411E+01     2.080287E-01     8.602058E-04     1.000000E+00 
   55    75    55     1.957082E+01     2.277762E+00     3.159121E+01     2.038944E-01     8.937945E-04     1.000000E+00 
   56    77    56     1.957027E+01     2.277736E+00     3.158864E+01     1.962599E-01     9.211110E-04     1.000000E+00 
   57    79    57     1.956963E+01     2.277710E+00     3.158640E+01     1.846545E-01     9.441367E-04     1.000000E+00 
   58    81    58     1.956890E+01     2.277683E+00     3.158447E+01     1.691348E-01     9.639075E-04     1.000000E+00 
   59    83    59     1.956810E+01     2.277656E+00     3.158284E+01     1.506652E-01     9.794869E-04     1.000000E+00 
   60    85    60     1.956728E+01     2.277628E+00     3.158147E+01     1.304150E-01     9.893497E-04     1.000000E+00 
   61    87    61     1.956646E+01     2.277600E+00     3.158033E+01     1.089014E-01     9.912390E-04     1.000000E+00 
   62    89    62     1.956566E+01     2.277571E+00     3.157939E+01     8.710939E-02     9.828227E-04     1.000000E+00 
   63    91    63     1.956492E+01     2.277542E+00     3.157863E+01     6.587952E-02     9.609630E-04     1.000000E+00 
   64    93    64     1.956425E+01     2.277512E+00     3.157803E+01     4.598456E-02     9.214985E-04     1.000000E+00 
   65    95    65     1.956367E+01     2.277480E+00     3.157755E+01     2.823639E-02     8.562370E-04     1.000000E+00 
   66    97    66     1.956319E+01     2.277445E+00     3.157719E+01     1.356159E-02     7.504997E-04     1.000000E+00 
   67    98    67     1.956277E+01     2.277392E+00     3.157692E+01     2.052802E-04     7.500629E-04     1.000000E+00 
   68    99    68     1.956261E+01     2.277361E+00     3.157978E+01     2.033800E-03     1.054024E-05     1.000000E+00 
   69   100    69     1.956258E+01     2.277341E+00     3.158492E+01     4.111371E-03     1.022951E-04     1.000000E+00 
   70   102    70     1.956267E+01     2.277342E+00     3.158889E+01     8.173470E-03     9.433722E-05     1.000000E+00 
   71   104    71     1.956261E+01     2.277344E+00     3.158962E+01     6.598004E-03     9.234630E-05     1.000000E+00 
   72   106    72     1.956253E+01     2.277347E+00     3.158988E+01     4.352656E-03     8.862924E-05     1.000000E+00 
   73   108    73     1.956247E+01     2.277350E+00     3.159010E+01     2.407317E-03     8.180023E-05     1.000000E+00 
   74   110    74     1.956243E+01     2.277352E+00     3.159034E+01     9.239981E-04     6.955908E-05     1.000000E+00 
   75   111    75     1.956240E+01     2.277355E+00     3.159065E+01     1.755564E-05     4.804225E-05     1.000000E+00 
   76   112    76     1.956239E+01     2.277351E+00     3.159036E+01     7.200507E-04     6.707817E-07     1.000000E+00 
   77   114    77     1.956243E+01     2.277344E+00     3.158868E+01     2.483855E-03     3.555475E-06     1.000000E+00 
   78   116    78     1.956248E+01     2.277340E+00     3.158734E+01     4.198197E-03     5.276380E-06     1.000000E+00 
   79   118    79     1.956251E+01     2.277335E+00     3.158648E+01     5.178853E-03     7.112109E-06     1.000000E+00 
   80   120    80     1.956252E+01     2.277330E+00     3.158585E+01     5.695495E-03     9.344366E-06     1.000000E+00 
   81   122    81     1.956253E+01     2.277325E+00     3.158532E+01     6.070589E-03     1.164929E-05     1.000000E+00 
   82   124    82     1.956253E+01     2.277320E+00     3.158482E+01     6.441645E-03     1.394598E-05     1.000000E+00 
   83   126    83     1.956254E+01     2.277315E+00     3.158431E+01     6.868593E-03     1.623368E-05     1.000000E+00 
   84   128    84     1.956255E+01     2.277310E+00     3.158379E+01     7.383575E-03     1.854724E-05     1.000000E+00 
   85   130    85     1.956256E+01     2.277304E+00     3.158326E+01     8.003161E-03     2.093986E-05     1.000000E+00 
   86   132    86     1.956258E+01     2.277298E+00     3.158270E+01     8.740516E-03     2.346176E-05     1.000000E+00 
   87   134    87     1.956260E+01     2.277292E+00     3.158212E+01     9.605317E-03     2.615584E-05     1.000000E+00 
   88   136    88     1.956263E+01     2.277286E+00     3.158153E+01     1.059811E-02     2.907482E-05     1.000000E+00 
   89   138    89     1.956266E+01     2.277280E+00     3.158092E+01     1.173150E-02     3.227766E-05     1.000000E+00 
   90   140    90     1.956269E+01     2.277273E+00     3.158031E+01     1.298836E-02     3.582505E-05     1.000000E+00 
   91   142    91     1.956273E+01     2.277266E+00     3.157970E+01     1.434312E-02     3.974814E-05     1.000000E+00 
   92   144    92     1.956277E+01     2.277259E+00     3.157909E+01     1.576184E-02     4.406962E-05     1.000000E+00 
   93   146    93     1.956281E+01     2.277252E+00     3.157851E+01     1.719704E-02     4.878970E-05     1.000000E+00 
   94   148    94     1.956285E+01     2.277245E+00     3.157795E+01     1.859442E-02     5.388301E-05     1.000000E+00 
   95   150    95     1.956289E+01     2.277238E+00     3.157744E+01     1.986725E-02     5.929581E-05     1.000000E+00 
   96   152    96     1.956291E+01     2.277230E+00     3.157698E+01     2.093373E-02     6.491775E-05     1.000000E+00 
   97   154    97     1.956293E+01     2.277223E+00     3.157658E+01     2.170371E-02     7.060540E-05     1.000000E+00 
   98   156    98     1.956294E+01     2.277216E+00     3.157625E+01     2.211392E-02     7.618218E-05     1.000000E+00 
   99   158    99     1.956293E+01     2.277209E+00     3.157600E+01     2.211410E-02     8.145059E-05     1.000000E+00 
  100   160   100     1.956291E+01     2.277203E+00     3.157581E+01     2.169412E-02     8.619978E-05     1.000000E+00 
  101   162   101     1.956287E+01     2.277197E+00     3.157570E+01     2.086375E-02     9.024223E-05     1.000000E+00 
  102   164   102     1.956281E+01     2.277192E+00     3.157566E+01     1.967161E-02     9.339263E-05     1.000000E+00 
  103   166   103     1.956275E+01     2.277187E+00     3.157567E+01     1.818939E-02     9.554928E-05     1.000000E+00 
  104   168   104     1.956268E+01     2.277183E+00     3.157573E+01     1.650909E-02     9.662117E-05     1.000000E+00 
  105   170   105     1.956260E+01     2.277180E+00     3.157582E+01     1.472215E-02     9.660086E-05     1.000000E+00 
  106   172   106     1.956252E+01     2.277177E+00     3.157594E+01     1.291516E-02     9.553616E-05     1.000000E+00 
  107   174   107     1.956245E+01     2.277175E+00     3.157608E+01     1.107140E-02     9.375022E-05     1.000000E+00 
  108   176   108     1.956237E+01     2.277173E+00     3.157623E+01     9.141357E-03     9.152253E-05     1.000000E+00 
  109   178   109     1.956229E+01     2.277172E+00     3.157638E+01     7.214419E-03     8.866514E-05     1.000000E+00 
  110   180   110     1.956221E+01     2.277172E+00     3.157653E+01     5.373722E-03     8.492585E-05     1.000000E+00 
  111   182   111     1.956214E+01     2.277172E+00     3.157668E+01     3.696351E-03     7.992585E-05     1.000000E+00 
  112   184   112     1.956208E+01     2.277174E+00     3.157681E+01     2.235922E-03     7.303086E-05     1.000000E+00 
  113   186   113     1.956204E+01     2.277177E+00     3.157694E+01     1.059831E-03     6.302436E-05     1.000000E+00 
  114   187   114     1.956200E+01     2.277189E+00     3.157707E+01     1.780745E-05     6.054207E-05     1.000000E+00 
  115   188   115     1.956201E+01     2.277192E+00     3.157780E+01     6.129351E-04     9.635088E-07     1.000000E+00 
  116   190   116     1.956202E+01     2.277195E+00     3.157802E+01     9.777746E-04     1.252966E-06     1.000000E+00 
  117   192   117     1.956202E+01     2.277197E+00     3.157804E+01     8.991493E-04     1.686986E-06     1.000000E+00 
  118   194   118     1.956201E+01     2.277200E+00     3.157803E+01     7.557590E-04     2.034842E-06     1.000000E+00 
  119   196   119     1.956201E+01     2.277202E+00     3.157801E+01     6.236275E-04     2.266008E-06     1.000000E+00 
  120   198   120     1.956200E+01     2.277204E+00     3.157799E+01     5.128530E-04     2.397711E-06     1.000000E+00 
  121   200   121     1.956200E+01     2.277207E+00     3.157796E+01     4.133376E-04     2.488192E-06     1.000000E+00 
  122   202   122     1.956200E+01     2.277209E+00     3.157794E+01     3.225214E-04     2.549072E-06     1.000000E+00 
  123   204   123     1.956199E+01     2.277212E+00     3.157791E+01     2.412642E-04     2.572875E-06     1.000000E+00 
  124   206   124     1.956199E+01     2.277215E+00     3.157789E+01     1.701120E-04     2.548542E-06     1.000000E+00 
  125   208   125     1.956199E+01     2.277218E+00     3.157786E+01     1.098114E-04     2.459271E-06     1.000000E+00 
  126   210   126     1.956199E+01     2.277222E+00     3.157783E+01     6.119264E-05     2.275154E-06     1.000000E+00 
  127   212   127     1.956198E+01     2.277227E+00     3.157779E+01     2.551046E-05     1.933710E-06     1.000000E+00 
  128   213   128     1.956198E+01     2.277235E+00     3.157772E+01     2.885871E-06     1.381813E-06     1.000000E+00 
  129   214   129     1.956198E+01     2.277238E+00     3.157728E+01     7.492413E-05     1.469062E-07     1.000000E+00 
  130   216   130     1.956199E+01     2.277240E+00     3.157662E+01     4.426429E-04     3.138963E-07     1.000000E+00 
  131   218   131     1.956201E+01     2.277241E+00     3.157609E+01     1.016923E-03     5.213683E-07     1.000000E+00 
  132   221   132     1.956203E+01     2.277241E+00     3.157577E+01     1.552592E-03     6.566910E-07     1.000000E+00 
  133   224   133     1.956204E+01     2.277242E+00     3.157557E+01     1.946858E-03     7.882050E-07     1.000000E+00 
  134   227   134     1.956205E+01     2.277242E+00     3.157544E+01     2.239777E-03     9.188147E-07     1.000000E+00 
  135   230   135     1.956206E+01     2.277242E+00     3.157534E+01     2.477200E-03     1.050285E-06     1.000000E+00 
  136   233   136     1.956207E+01     2.277242E+00     3.157526E+01     2.686639E-03     1.183453E-06     1.000000E+00 
  137   236   137     1.956207E+01     2.277242E+00     3.157520E+01     2.881058E-03     1.318685E-06     1.000000E+00 
  138   239   138     1.956208E+01     2.277242E+00     3.157514E+01     3.066007E-03     1.456111E-06     1.000000E+00 
  139   242   139     1.956209E+01     2.277242E+00     3.157508E+01     3.241917E-03     1.595842E-06     1.000000E+00 
  140   245   140     1.956209E+01     2.277242E+00     3.157504E+01     3.408766E-03     1.737603E-06     1.000000E+00 
  141   248   141     1.956210E+01     2.277242E+00     3.157501E+01     3.566683E-03     1.881103E-06     1.000000E+00 
  142   251   142     1.956210E+01     2.277242E+00     3.157498E+01     3.713959E-03     2.026065E-06     1.000000E+00 
  143   254   143     1.956211E+01     2.277241E+00     3.157496E+01     3.847951E-03     2.172169E-06     1.000000E+00 
  144   257   144     1.956211E+01     2.277241E+00     3.157495E+01     3.967796E-03     2.319168E-06     1.000000E+00 
  145   260   145     1.956211E+01     2.277241E+00     3.157494E+01     4.071663E-03     2.466637E-06     1.000000E+00 
  146   263   146     1.956212E+01     2.277241E+00     3.157494E+01     4.157997E-03     2.614162E-06     1.000000E+00 
  147   266   147     1.956212E+01     2.277241E+00     3.157495E+01     4.226003E-03     2.761341E-06     1.000000E+00 
  148   269   148     1.956212E+01     2.277241E+00     3.157496E+01     4.274781E-03     2.907921E-06     1.000000E+00 
  149   272   149     1.956212E+01     2.277240E+00     3.157498E+01     4.303514E-03     3.053755E-06     1.000000E+00 
  150   275   150     1.956212E+01     2.277240E+00     3.157501E+01     4.312135E-03     3.198327E-06     1.000000E+00 
  151   278   151     1.956212E+01     2.277240E+00     3.157504E+01     4.301168E-03     3.341288E-06     1.000000E+00 
  152   281   152     1.956212E+01     2.277240E+00     3.157507E+01     4.270560E-03     3.482089E-06     1.000000E+00 
  153   284   153     1.956212E+01     2.277239E+00     3.157511E+01     4.219220E-03     3.620326E-06     1.000000E+00 
  154   287   154     1.956211E+01     2.277239E+00     3.157515E+01     4.149826E-03     3.755681E-06     1.000000E+00 
  155   290   155     1.956211E+01     2.277239E+00     3.157519E+01     4.063733E-03     3.887677E-06     1.000000E+00 
  156   293   156     1.956211E+01     2.277238E+00     3.157524E+01     3.961783E-03     4.015972E-06     1.000000E+00 
  157   296   157     1.956210E+01     2.277238E+00     3.157528E+01     3.845533E-03     4.140083E-06     1.000000E+00 
  158   299   158     1.956210E+01     2.277238E+00     3.157533E+01     3.716936E-03     4.259536E-06     1.000000E+00 
  159   302   159     1.956209E+01     2.277237E+00     3.157538E+01     3.576968E-03     4.373952E-06     1.000000E+00 
  160   305   160     1.956208E+01     2.277237E+00     3.157543E+01     3.426948E-03     4.482876E-06     1.000000E+00 
  161   308   161     1.956208E+01     2.277236E+00     3.157547E+01     3.268352E-03     4.585841E-06     1.000000E+00 
  162   311   162     1.956207E+01     2.277236E+00     3.157552E+01     3.102893E-03     4.682315E-06     1.000000E+00 
  163   314   163     1.956207E+01     2.277236E+00     3.157557E+01     2.932242E-03     4.771801E-06     1.000000E+00 
  164   317   164     1.956206E+01     2.277235E+00     3.157562E+01     2.757867E-03     4.853753E-06     1.000000E+00 
  165   320   165     1.956205E+01     2.277235E+00     3.157566E+01     2.581111E-03     4.927597E-06     1.000000E+00 
  166   323   166     1.956205E+01     2.277234E+00     3.157571E+01     2.403324E-03     4.992781E-06     1.000000E+00 
  167   326   167     1.956204E+01     2.277234E+00     3.157575E+01     2.225780E-03     5.048661E-06     1.000000E+00 
  168   329   168     1.956203E+01     2.277233E+00     3.157580E+01     2.049699E-03     5.094664E-06     1.000000E+00 
  169   332   169     1.956203E+01     2.277232E+00     3.157584E+01     1.876088E-03     5.130068E-06     1.000000E+00 
  170   335   170     1.956202E+01     2.277232E+00     3.157588E+01     1.706020E-03     5.154104E-06     1.000000E+00 
  171   338   171     1.956201E+01     2.277231E+00     3.157592E+01     1.540293E-03     5.165781E-06     1.000000E+00 
  172   340   172     1.956200E+01     2.277230E+00     3.157595E+01     1.257052E-03     5.546956E-06     1.000000E+00 
  173   342   173     1.956199E+01     2.277229E+00     3.157599E+01     1.027802E-03     5.725752E-06     1.000000E+00 
  174   344   174     1.956199E+01     2.277228E+00     3.157602E+01     8.404453E-04     5.752987E-06     1.000000E+00 
  175   346   175     1.956198E+01     2.277228E+00     3.157606E+01     6.872420E-04     5.668187E-06     1.000000E+00 
  176   348   176     1.956198E+01     2.277227E+00     3.157609E+01     5.616942E-04     5.502979E-06     1.000000E+00 
  177   350   177     1.956197E+01     2.277226E+00     3.157611E+01     4.453807E-04     5.301233E-06     1.000000E+00 
  178   352   178     1.956197E+01     2.277225E+00     3.157614E+01     3.391158E-04     5.054399E-06     1.000000E+00 
  179   354   179     1.956196E+01     2.277224E+00     3.157617E+01     2.437004E-04     4.749698E-06     1.000000E+00 
  180   356   180     1.956196E+01     2.277223E+00     3.157620E+01     1.601324E-04     4.366069E-06     1.000000E+00 
  181   358   181     1.956196E+01     2.277222E+00     3.157622E+01     8.987627E-05     3.864228E-06     1.000000E+00 
  182   360   182     1.956195E+01     2.277220E+00     3.157625E+01     3.549100E-05     3.156324E-06     1.000000E+00 
  183   361   183     1.956195E+01     2.277218E+00     3.157628E+01     3.748657E-07     2.070904E-06     1.000000E+00 
  184   362   184     1.956195E+01     2.277217E+00     3.157642E+01     1.028149E-05     2.157591E-08     1.000000E+00 
  185   364   185     1.956196E+01     2.277217E+00     3.157657E+01     5.520407E-05     2.690785E-08     1.000000E+00 
  186   367   186     1.956196E+01     2.277217E+00     3.157658E+01     5.890535E-05     3.137762E-08     1.000000E+00 
  187   370   187     1.956196E+01     2.277217E+00     3.157658E+01     5.699338E-05     3.525320E-08     1.000000E+00 
  188   373   188     1.956196E+01     2.277217E+00     3.157658E+01     5.401984E-05     3.876093E-08     1.000000E+00 
  189   376   189     1.956196E+01     2.277217E+00     3.157658E+01     5.088224E-05     4.197927E-08     1.000000E+00 
  190   379   190     1.956195E+01     2.277217E+00     3.157659E+01     4.779203E-05     4.493963E-08     1.000000E+00 
  191   382   191     1.956195E+01     2.277217E+00     3.157659E+01     4.480784E-05     4.765710E-08     1.000000E+00 
  192   385   192     1.956195E+01     2.277217E+00     3.157659E+01     4.194655E-05     5.014261E-08     1.000000E+00 
  193   388   193     1.956195E+01     2.277217E+00     3.157659E+01     3.921313E-05     5.240545E-08     1.000000E+00 
  194   391   194     1.956195E+01     2.277217E+00     3.157660E+01     3.660655E-05     5.445116E-08     1.000000E+00 
  195   394   195     1.956195E+01     2.277217E+00     3.157660E+01     3.412419E-05     5.628860E-08     1.000000E+00 
  196   397   196     1.956195E+01     2.277217E+00     3.157660E+01     3.176299E-05     5.792532E-08     1.000000E+00 
  197   400   197     1.956195E+01     2.277217E+00     3.157661E+01     2.951980E-05     5.936225E-08     1.000000E+00 
  198   403   198     1.956195E+01     2.277217E+00     3.157661E+01     2.739203E-05     6.060358E-08     1.000000E+00 
  199   406   199     1.956195E+01     2.277217E+00     3.157661E+01     2.537740E-05     6.165254E-08     1.000000E+00 
  200   409   200     1.956195E+01     2.277217E+00     3.157661E+01     2.347333E-05     6.251203E-08     1.000000E+00 
  201   412   201     1.956195E+01     2.277217E+00     3.157662E+01     2.167839E-05     6.318485E-08     1.000000E+00 
  202   414   202     1.956195E+01     2.277217E+00     3.157662E+01     1.826508E-05     6.931541E-08     1.000000E+00 
  203   416   203     1.956195E+01     2.277217E+00     3.157662E+01     1.550117E-05     7.287973E-08     1.000000E+00 
  204   418   204     1.956195E+01     2.277217E+00     3.157663E+01     1.327416E-05     7.449956E-08     1.000000E+00 
  205   420   205     1.956195E+01     2.277217E+00     3.157663E+01     1.148527E-05     7.467944E-08     1.000000E+00 
  206   422   206     1.956195E+01     2.277217E+00     3.157663E+01     1.005529E-05     7.381384E-08     1.000000E+00 
  207   424   207     1.956195E+01     2.277217E+00     3.157664E+01     8.919611E-06     7.221362E-08     1.000000E+00 
  208   426   208     1.956195E+01     2.277217E+00     3.157664E+01     7.984847E-06     7.020130E-08     1.000000E+00 
  209   428   209     1.956195E+01     2.277217E+00     3.157665E+01     7.171705E-06     6.799721E-08     1.000000E+00 
  210   430   210     1.956195E+01     2.277217E+00     3.157665E+01     6.481396E-06     6.563166E-08     1.000000E+00 
  211   432   211     1.956195E+01     2.277217E+00     3.157666E+01     5.917537E-06     6.314735E-08     1.000000E+00 
  212   434   212     1.956195E+01     2.277217E+00     3.157667E+01     5.485685E-06     6.059842E-08     1.000000E+00 
  213   436   213     1.956195E+01     2.277217E+00     3.157668E+01     5.192614E-06     5.805317E-08     1.000000E+00 
  214   438   214     1.956195E+01     2.277217E+00     3.157668E+01     5.047396E-06     5.559102E-08     1.000000E+00 
  215   440   215     1.956195E+01     2.277217E+00     3.157669E+01     5.062051E-06     5.329690E-08     1.000000E+00 
  216   442   216     1.956195E+01     2.277217E+00     3.157670E+01     5.250874E-06     5.125137E-08     1.000000E+00 
  217   444   217     1.956195E+01     2.277216E+00     3.157671E+01     5.628955E-06     4.950689E-08     1.000000E+00 
  218   446   218     1.956195E+01     2.277216E+00     3.157672E+01     6.209100E-06     4.809848E-08     1.000000E+00 
  219   448   219     1.956195E+01     2.277216E+00     3.157673E+01     7.001113E-06     4.703955E-08     1.000000E+00 
  220   450   220     1.956195E+01     2.277216E+00     3.157674E+01     7.969245E-06     4.640340E-08     1.000000E+00 
  221   452   221     1.956195E+01     2.277216E+00     3.157675E+01     9.019969E-06     4.640337E-08     1.000000E+00 
  222   454   222     1.956195E+01     2.277216E+00     3.157676E+01     1.014714E-05     4.702573E-08     1.000000E+00 
  223   456   223     1.956195E+01     2.277216E+00     3.157677E+01     1.133894E-05     4.825398E-08     1.000000E+00 
  224   458   224     1.956195E+01     2.277216E+00     3.157677E+01     1.258505E-05     5.008011E-08     1.000000E+00 
  225   460   225     1.956195E+01     2.277216E+00     3.157677E+01     1.386383E-05     5.247529E-08     1.000000E+00 
  226   462   226     1.956195E+01     2.277216E+00     3.157677E+01     1.514749E-05     5.539891E-08     1.000000E+00 
  227   464   227     1.956195E+01     2.277216E+00     3.157677E+01     1.640682E-05     5.881581E-08     1.000000E+00 
  228   466   228     1.956195E+01     2.277216E+00     3.157676E+01     1.759738E-05     6.266134E-08     1.000000E+00 
  229   468   229     1.956195E+01     2.277216E+00     3.157675E+01     1.867273E-05     6.684816E-08     1.000000E+00 
  230   470   230     1.956195E+01     2.277216E+00     3.157674E+01     1.957814E-05     7.126364E-08     1.000000E+00 
  231   472   231     1.956195E+01     2.277216E+00     3.157672E+01     2.027966E-05     7.577781E-08     1.000000E+00 
  232   474   232     1.956195E+01     2.277216E+00     3.157671E+01     2.070386E-05     8.023859E-08     1.000000E+00 
  233   476   233     1.956195E+01     2.277216E+00     3.157669E+01     2.081116E-05     8.447268E-08     1.000000E+00 
  234   478   234     1.956195E+01     2.277216E+00     3.157667E+01     2.056454E-05     8.830261E-08     1.000000E+00 
  235   480   235     1.956195E+01     2.277216E+00     3.157666E+01     1.996680E-05     9.156892E-08     1.000000E+00 
  236   482   236     1.956195E+01     2.277216E+00     3.157664E+01     1.904350E-05     9.412920E-08     1.000000E+00 
  237   484   237     1.956195E+01     2.277216E+00     3.157662E+01     1.784965E-05     9.586546E-08     1.000000E+00 
  238   486   238     1.956195E+01     2.277216E+00     3.157661E+01     1.644526E-05     9.669992E-08     1.000000E+00 
  239   488   239     1.956195E+01     2.277216E+00     3.157660E+01     1.490723E-05     9.660086E-08     1.000000E+00 
  240   490   240     1.956195E+01     2.277216E+00     3.157659E+01     1.331146E-05     9.559415E-08     1.000000E+00 
  241   492   241     1.956195E+01     2.277216E+00     3.157658E+01     1.172173E-05     9.375274E-08     1.000000E+00 
  242   494   242     1.956195E+01     2.277216E+00     3.157657E+01     1.019329E-05     9.115633E-08     1.000000E+00 
  243   496   243     1.956195E+01     2.277216E+00     3.157657E+01     8.668656E-06     8.807688E-08     1.000000E+00 
  244   498   244     1.956195E+01     2.277217E+00     3.157656E+01     7.142495E-06     8.456812E-08     1.000000E+00 
  245   500   245     1.956195E+01     2.277217E+00     3.157656E+01     5.660509E-06     8.051566E-08     1.000000E+00 
  246   502   246     1.956195E+01     2.277217E+00     3.157655E+01     4.259397E-06     7.575782E-08     1.000000E+00 
  247   504   247     1.956195E+01     2.277217E+00     3.157655E+01     2.973106E-06     7.005168E-08     1.000000E+00 
  248   506   248     1.956195E+01     2.277217E+00     3.157655E+01     1.835580E-06     6.295094E-08     1.000000E+00 
  249   508   249     1.956195E+01     2.277217E+00     3.157655E+01     8.886481E-07     5.356181E-08     1.000000E+00 
  250   510   250     1.956195E+01     2.277217E+00     3.157655E+01     2.067480E-07     3.942635E-08     1.000000E+00 
  251   511   251     1.956195E+01     2.277217E+00     3.157654E+01     3.300151E-09     1.186033E-08     1.000000E+00 
  252   511   251     1.956195E+01     2.277217E+00     3.157654E+01     3.300151E-09     0.000000E+00     1.000000E+00 
