MAJOR  NFEV  NGEV           OBJFUN            GNORM            CNORM             FEAS              OPT             STEP 
    0     1     1     0.000000E+00     0.000000E+00     1.453222E+02     9.900000E+01     9.900000E+01     9.900000E+01 
    1     2     1     1.664627E+01     0.000000E+00     7.492319E+01     1.330572E+03     5.089347E+03     1.000000E+00 
    2     3     2     8.288625E+01     2.059953E+00     3.676567E+02     3.107318E+03     5.735712E+03     1.000000E+00 
    3     5     3     9.552690E+01     2.230362E+00     3.416721E+02     3.347763E+03     3.396943E+03     1.000000E+00 
    4     7     4     9.475894E+01     2.414276E+00     4.245210E+01     6.559643E+02     1.911863E+03     1.000000E+00 
    5     8     5     8.938467E+01     4.950991E+00     3.638586E+02     2.280039E+03     5.784143E+03     1.000000E+00 
    6    10     6     7.594505E+01     4.874612E+00     3.737953E+01     5.710004E+02     1.413995E+04     1.000000E+00 
    7    11     7     8.445009E+01     4.427110E+00     2.672578E+01     4.136960E+02     1.210737E+04     1.000000E+00 
    8    12     8     1.247637E+02     4.667195E+00     1.911055E+02     1.292132E+03     9.515384E+03     1.000000E+00 
    9    14     9     1.177462E+02     4.630950E+00     1.102309E+02     8.537544E+02     4.404837E+03     1.000000E+00 
   10    16    10     1.078227E+02     4.599419E+00     6.635997E+01     6.074928E+02     2.103164E+03     1.000000E+00 
   11    18    11     1.070997E+02     4.567459E+00     4.289341E+01     3.917692E+02     1.066398E+03     1.000000E+00 
   12    20    12     9.877213E+01     4.548561E+00     4.294695E+01     4.050197E+02     4.896904E+02     1.000000E+00 
   13    22    13     8.867017E+01     4.513272E+00     3.278518E+01     3.158489E+02     2.279441E+02     1.000000E+00 
   14    24    14     8.166537E+01     4.466264E+00     2.871542E+01     2.478034E+02     1.051808E+02     1.000000E+00 
   15    26    15     7.816076E+01     4.422202E+00     5.116266E+00     6.446077E+01     4.778159E+01     1.000000E+00 
   16    27    16     7.404983E+01     4.480614E+00     1.591852E+00     1.072236E+01     2.221754E+01     1.000000E+00 
   17    28    17     6.382703E+01     4.358014E+00     1.798954E+00     1.998295E+01     2.454382E+00     1.000000E+00 
   18    29    18     5.598582E+01     4.037155E+00     1.521574E+00     1.897545E+01     4.657103E+00     1.000000E+00 
   19    30    19     4.864343E+01     3.775165E+00     4.557275E+00     5.090686E+01     2.856557E+00     1.000000E+00 
   20    31    20     4.621306E+01     3.515624E+00     2.010485E+00     1.819774E+01     7.448762E+00     1.000000E+00 
   21    32    21     4.371630E+01     3.427151E+00     1.552722E+00     1.826602E+01     3.183534E+00     1.000000E+00 
   22    33    22     4.215369E+01     3.338967E+00     1.363710E+00     1.093600E+01     2.067807E+00     1.000000E+00 
   23    34    23     4.039562E+01     3.284470E+00     6.506033E-01     8.149891E+00     7.864361E-01     1.000000E+00 
   24    35    24     3.922155E+01     3.222774E+00     5.227901E-01     6.506982E+00     5.540050E-01     1.000000E+00 
   25    36    25     3.851897E+01     3.185360E+00     2.470294E-01     3.243996E+00     3.861763E-01     1.000000E+00 
   26    37    26     3.778874E+01     3.163728E+00     3.122231E-01     3.836399E+00     1.857554E-01     1.000000E+00 
   27    38    27     3.718565E+01     3.141099E+00     2.704932E-01     3.435379E+00     1.961918E-01     1.000000E+00 
   28    39    28     3.673884E+01     3.121810E+00     1.811813E-01     2.572695E+00     1.711300E-01     1.000000E+00 
   29    40    29     3.641700E+01     3.106919E+00     1.644689E-01     2.028714E+00     1.396158E-01     1.000000E+00 
   30    41    30     3.620860E+01     3.096338E+00     9.473801E-02     1.228045E+00     1.061783E-01     1.000000E+00 
   31    42    31     3.605115E+01     3.089541E+00     6.348349E-02     8.513707E-01     6.372917E-02     1.000000E+00 
   32    43    32     3.591597E+01     3.084417E+00     6.748340E-02     8.090510E-01     4.566861E-02     1.000000E+00 
   33    44    33     3.582721E+01     3.080049E+00     4.205574E-02     4.404546E-01     4.636462E-02     1.000000E+00 
   34    45    34     3.575419E+01     3.077250E+00     3.098280E-02     3.466258E-01     2.403187E-02     1.000000E+00 
   35    46    35     3.571135E+01     3.074789E+00     1.756955E-02     2.122314E-01     1.834209E-02     1.000000E+00 
   36    47    36     3.567349E+01     3.073172E+00     1.400741E-02     1.729670E-01     1.185984E-02     1.000000E+00 
   37    48    37     3.562613E+01     3.071529E+00     2.128975E-02     2.636872E-01     9.850156E-03     1.000000E+00 
   38    49    38     3.557946E+01     3.069331E+00     3.251825E-02     3.399620E-01     1.371346E-02     1.000000E+00 
   39    50    39     3.553840E+01     3.067144E+00     3.905935E-02     3.696548E-01     1.576966E-02     1.000000E+00 
   40    51    40     3.550081E+01     3.065341E+00     3.661387E-02     3.615242E-01     1.634998E-02     1.000000E+00 
   41    52    41     3.546015E+01     3.063859E+00     3.726136E-02     3.934593E-01     1.619822E-02     1.000000E+00 
   42    53    42     3.540688E+01     3.062360E+00     5.232790E-02     5.342776E-01     1.806818E-02     1.000000E+00 
   43    54    43     3.534388E+01     3.060396E+00     6.588376E-02     6.720067E-01     2.412414E-02     1.000000E+00 
   44    55    44     3.528885E+01     3.058009E+00     3.683553E-02     4.003796E-01     3.194496E-02     1.000000E+00 
   45    56    45     3.525209E+01     3.055807E+00     2.076828E-02     2.025350E-01     2.098323E-02     1.000000E+00 
   46    57    46     3.521860E+01     3.054279E+00     1.990209E-02     1.714400E-01     1.103044E-02     1.000000E+00 
   47    58    47     3.517603E+01     3.052864E+00     3.507316E-02     2.685823E-01     9.642396E-03     1.000000E+00 
   48    59    48     3.512650E+01     3.051072E+00     5.825576E-02     3.972488E-01     1.613735E-02     1.000000E+00 
   49    60    49     3.507242E+01     3.049004E+00     8.040190E-02     5.641586E-01     2.351322E-02     1.000000E+00 
   50    61    50     3.501486E+01     3.046737E+00     2.477597E-02     2.368748E-01     3.390527E-02     1.000000E+00 
   51    62    51     3.496888E+01     3.044361E+00     6.414048E-02     5.912914E-01     1.209136E-02     1.000000E+00 
   52    63    52     3.493399E+01     3.042400E+00     5.400861E-02     4.781850E-01     3.077998E-02     1.000000E+00 
   53    64    53     3.489677E+01     3.040652E+00     1.312797E-01     1.149023E+00     2.594767E-02     1.000000E+00 
   54    66    54     3.486577E+01     3.038952E+00     1.288716E-01     1.141759E+00     2.907861E-02     1.000000E+00 
   55    68    55     3.485216E+01     3.037249E+00     1.866694E-01     1.622902E+00     2.988973E-02     1.000000E+00 
   56    70    56     3.482700E+01     3.035806E+00     1.497669E-01     1.241264E+00     3.095773E-02     1.000000E+00 
   57    72    57     3.479844E+01     3.034409E+00     8.767406E-02     6.852750E-01     2.990075E-02     1.000000E+00 
   58    73    58     3.476623E+01     3.032792E+00     7.516519E-03     5.938611E-02     3.813350E-02     1.000000E+00 
   59    74    59     3.474851E+01     3.031231E+00     5.196739E-02     4.154066E-01     3.409075E-03     1.000000E+00 
   60    76    60     3.473467E+01     3.030505E+00     4.851286E-02     4.248550E-01     6.961234E-03     1.000000E+00 
   61    78    61     3.472315E+01     3.029739E+00     1.843865E-02     1.764596E-01     9.258464E-03     1.000000E+00 
   62    79    62     3.471497E+01     3.028964E+00     2.503108E-03     2.264642E-02     8.918304E-03     1.000000E+00 
   63    80    63     3.470429E+01     3.028483E+00     2.001944E-02     1.586606E-01     1.094950E-03     1.000000E+00 
   64    81    64     3.469205E+01     3.027604E+00     1.136708E-02     9.194124E-02     7.809713E-03     1.000000E+00 
   65    82    65     3.468006E+01     3.026731E+00     1.264057E-02     1.112182E-01     4.440542E-03     1.000000E+00 
   66    83    66     3.466890E+01     3.025880E+00     8.539739E-03     8.264464E-02     5.334160E-03     1.000000E+00 
   67    84    67     3.465790E+01     3.025262E+00     1.364072E-02     1.324947E-01     3.967548E-03     1.000000E+00 
   68    85    68     3.464682E+01     3.024792E+00     1.944128E-02     1.865891E-01     6.123425E-03     1.000000E+00 
   69    86    69     3.463604E+01     3.024407E+00     2.218580E-02     2.016441E-01     8.301321E-03     1.000000E+00 
   70    87    70     3.462617E+01     3.024032E+00     1.617485E-02     1.378528E-01     9.005654E-03     1.000000E+00 
   71    88    71     3.461729E+01     3.023624E+00     1.188751E-02     8.941811E-02     6.340967E-03     1.000000E+00 
   72    89    72     3.460858E+01     3.023183E+00     1.294757E-02     8.290805E-02     4.185597E-03     1.000000E+00 
   73    90    73     3.459897E+01     3.022687E+00     1.651669E-02     1.044199E-01     4.005854E-03     1.000000E+00 
   74    91    74     3.458748E+01     3.022129E+00     2.001618E-02     1.277028E-01     5.258608E-03     1.000000E+00 
   75    92    75     3.457347E+01     3.021542E+00     2.498258E-02     1.612558E-01     6.415295E-03     1.000000E+00 
   76    93    76     3.455690E+01     3.020974E+00     3.617921E-02     2.506523E-01     7.998966E-03     1.000000E+00 
   77    94    77     3.453766E+01     3.020440E+00     6.136100E-02     4.349117E-01     1.228107E-02     1.000000E+00 
   78    95    78     3.451530E+01     3.019867E+00     9.868065E-02     6.856746E-01     2.074166E-02     1.000000E+00 
   79    96    79     3.449164E+01     3.019106E+00     1.520879E-01     9.921040E-01     3.353557E-02     1.000000E+00 
   80    98    80     3.448542E+01     3.018218E+00     3.158591E-01     1.969904E+00     2.978717E-02     1.000000E+00 
   81   100    81     3.447871E+01     3.017323E+00     4.156805E-01     2.592752E+00     3.010903E-02     1.000000E+00 
   82   102    82     3.446045E+01     3.016327E+00     4.117736E-01     2.647165E+00     3.104973E-02     1.000000E+00 
   83   104    83     3.443872E+01     3.015239E+00     3.703893E-01     2.478210E+00     3.180254E-02     1.000000E+00 
   84   106    84     3.441708E+01     3.014135E+00     3.200233E-01     2.174383E+00     3.185592E-02     1.000000E+00 
   85   108    85     3.439719E+01     3.013087E+00     2.753378E-01     1.856894E+00     3.194865E-02     1.000000E+00 
   86   110    86     3.437887E+01     3.012126E+00     2.381069E-01     1.569923E+00     3.126714E-02     1.000000E+00 
   87   112    87     3.436233E+01     3.011257E+00     2.105614E-01     1.344179E+00     2.984301E-02     1.000000E+00 
   88   114    88     3.434740E+01     3.010482E+00     1.921724E-01     1.189347E+00     2.798096E-02     1.000000E+00 
   89   116    89     3.433366E+01     3.009798E+00     1.803877E-01     1.087048E+00     2.598178E-02     1.000000E+00 
   90   118    90     3.432051E+01     3.009198E+00     1.709732E-01     1.015245E+00     2.406763E-02     1.000000E+00 
   91   120    91     3.430745E+01     3.008673E+00     1.594906E-01     9.512058E-01     2.234411E-02     1.000000E+00 
   92   122    92     3.429428E+01     3.008211E+00     1.434179E-01     8.777576E-01     2.081649E-02     1.000000E+00 
   93   124    93     3.428134E+01     3.007800E+00     1.248641E-01     7.953695E-01     1.935768E-02     1.000000E+00 
   94   126    94     3.426904E+01     3.007425E+00     1.080735E-01     7.132700E-01     1.790347E-02     1.000000E+00 
   95   128    95     3.425734E+01     3.007065E+00     9.527600E-02     6.421935E-01     1.672656E-02     1.000000E+00 
   96   130    96     3.424581E+01     3.006691E+00     8.589904E-02     5.790375E-01     1.572015E-02     1.000000E+00 
   97   132    97     3.423400E+01     3.006262E+00     7.742668E-02     5.104813E-01     1.477202E-02     1.000000E+00 
   98   134    98     3.422168E+01     3.005731E+00     6.606893E-02     4.246064E-01     1.383558E-02     1.000000E+00 
   99   135    99     3.420423E+01     3.004816E+00     1.258586E-02     8.954435E-02     2.169136E-02     1.000000E+00 
  100   136   100     3.419133E+01     3.003693E+00     2.308480E-02     1.886790E-01     4.488115E-03     1.000000E+00 
  101   137   101     3.418064E+01     3.002525E+00     8.855682E-03     7.954538E-02     8.983424E-03     1.000000E+00 
  102   138   102     3.417223E+01     3.001729E+00     5.675898E-03     5.521514E-02     3.356796E-03     1.000000E+00 
  103   139   103     3.416267E+01     3.001225E+00     3.830343E-03     3.917075E-02     2.182540E-03     1.000000E+00 
  104   140   104     3.415040E+01     3.000801E+00     1.094712E-02     8.024029E-02     1.584935E-03     1.000000E+00 
  105   141   105     3.413694E+01     3.000346E+00     2.086164E-02     1.583891E-01     3.817903E-03     1.000000E+00 
  106   142   106     3.412170E+01     2.999859E+00     2.044441E-02     1.836153E-01     7.735678E-03     1.000000E+00 
  107   143   107     3.410383E+01     2.999197E+00     1.404138E-02     1.353822E-01     8.790105E-03     1.000000E+00 
  108   144   108     3.408040E+01     2.998269E+00     1.107550E-02     1.057230E-01     6.249668E-03     1.000000E+00 
  109   145   109     3.405116E+01     2.996973E+00     2.058952E-02     1.762970E-01     4.618399E-03     1.000000E+00 
  110   146   110     3.402454E+01     2.995407E+00     7.667574E-02     5.500087E-01     7.733811E-03     1.000000E+00 
  111   147   111     3.400153E+01     2.994057E+00     1.452650E-01     1.005455E+00     2.529129E-02     1.000000E+00 
  112   149   112     3.399183E+01     2.993150E+00     3.341459E-01     2.249667E+00     2.464376E-02     1.000000E+00 
  113   151   113     3.399235E+01     2.992381E+00     6.120413E-01     3.920869E+00     2.694455E-02     1.000000E+00 
  114   153   114     3.401154E+01     2.991665E+00     1.050044E+00     6.400793E+00     2.993131E-02     1.000000E+00 
  115   155   115     3.404656E+01     2.991012E+00     1.605311E+00     9.438578E+00     3.305790E-02     1.000000E+00 
  116   157   116     3.406757E+01     2.990410E+00     2.017958E+00     1.158971E+01     3.609675E-02     1.000000E+00 
  117   159   117     3.403490E+01     2.989820E+00     1.952595E+00     1.105441E+01     3.907074E-02     1.000000E+00 
  118   161   118     3.395957E+01     2.989179E+00     1.456258E+00     8.176329E+00     4.207043E-02     1.000000E+00 
  119   163   119     3.389370E+01     2.988389E+00     9.331015E-01     5.254652E+00     4.519947E-02     1.000000E+00 
  120   165   120     3.385360E+01     2.987403E+00     5.875072E-01     3.281343E+00     4.794289E-02     1.000000E+00 
  121   167   121     3.382592E+01     2.986357E+00     3.689437E-01     2.023341E+00     4.869950E-02     1.000000E+00 
  122   169   122     3.380487E+01     2.985400E+00     2.400242E-01     1.272467E+00     4.570489E-02     1.000000E+00 
  123   171   123     3.378881E+01     2.984611E+00     1.823101E-01     9.400119E-01     3.928926E-02     1.000000E+00 
  124   173   124     3.377884E+01     2.984016E+00     1.890195E-01     9.664869E-01     3.227439E-02     1.000000E+00 
  125   175   125     3.377669E+01     2.983590E+00     2.428456E-01     1.246115E+00     2.801639E-02     1.000000E+00 
  126   177   126     3.377614E+01     2.983280E+00     2.853958E-01     1.456620E+00     2.596826E-02     1.000000E+00 
  127   179   127     3.376980E+01     2.983039E+00     2.801113E-01     1.414079E+00     2.479908E-02     1.000000E+00 
  128   181   128     3.375844E+01     2.982846E+00     2.403882E-01     1.194360E+00     2.369027E-02     1.000000E+00 
  129   183   129     3.374556E+01     2.982690E+00     1.887301E-01     9.222597E-01     2.222107E-02     1.000000E+00 
  130   185   130     3.373343E+01     2.982562E+00     1.387414E-01     6.667088E-01     2.026669E-02     1.000000E+00 
  131   187   131     3.372315E+01     2.982455E+00     9.737240E-02     4.661099E-01     1.779780E-02     1.000000E+00 
  132   189   132     3.371522E+01     2.982360E+00     6.859386E-02     3.282754E-01     1.489534E-02     1.000000E+00 
  133   191   133     3.370957E+01     2.982271E+00     5.360657E-02     2.589981E-01     1.207703E-02     1.000000E+00 
  134   193   134     3.370577E+01     2.982185E+00     5.143932E-02     2.537609E-01     9.785344E-03     1.000000E+00 
  135   195   135     3.370282E+01     2.982099E+00     5.541274E-02     2.867439E-01     8.355482E-03     1.000000E+00 
  136   197   136     3.369852E+01     2.982000E+00     4.840197E-02     2.687410E-01     7.510677E-03     1.000000E+00 
  137   199   137     3.369401E+01     2.981865E+00     3.526881E-02     2.078076E-01     6.842745E-03     1.000000E+00 
  138   201   138     3.368967E+01     2.981695E+00     1.825705E-02     1.143977E-01     6.103800E-03     1.000000E+00 
  139   202   139     3.368575E+01     2.981457E+00     9.045172E-04     7.320882E-03     6.069387E-03     1.000000E+00 
  140   203   140     3.368232E+01     2.981251E+00     2.787726E-03     2.741160E-02     3.772462E-04     1.000000E+00 
  141   204   141     3.368005E+01     2.981057E+00     2.527295E-03     2.299844E-02     1.310610E-03     1.000000E+00 
  142   205   142     3.367768E+01     2.980979E+00     7.088224E-03     5.616191E-02     1.062191E-03     1.000000E+00 
  143   206   143     3.367508E+01     2.980964E+00     8.504474E-03     5.536351E-02     2.745860E-03     1.000000E+00 
  144   207   144     3.367227E+01     2.980951E+00     1.147554E-02     6.803931E-02     2.908807E-03     1.000000E+00 
  145   208   145     3.366868E+01     2.980900E+00     1.013138E-02     6.576943E-02     3.644670E-03     1.000000E+00 
  146   209   146     3.366500E+01     2.980729E+00     6.767594E-03     5.319439E-02     3.376021E-03     1.000000E+00 
  147   210   147     3.366212E+01     2.980453E+00     3.040507E-03     2.698168E-02     2.517370E-03     1.000000E+00 
  148   211   148     3.365984E+01     2.980162E+00     2.837773E-03     1.982601E-02     1.206307E-03     1.000000E+00 
  149   212   149     3.365746E+01     2.979918E+00     6.858001E-03     3.532895E-02     9.757785E-04     1.000000E+00 
  150   213   150     3.365479E+01     2.979737E+00     1.535884E-02     8.566648E-02     2.037131E-03     1.000000E+00 
  151   215   151     3.365413E+01     2.979667E+00     3.908301E-02     2.316882E-01     2.150224E-03     1.000000E+00 
  152   217   152     3.365306E+01     2.979647E+00     5.183559E-02     3.116468E-01     2.445354E-03     1.000000E+00 
  153   219   153     3.365159E+01     2.979643E+00     5.644990E-02     3.348338E-01     2.756797E-03     1.000000E+00 
  154   221   154     3.365036E+01     2.979644E+00     6.069124E-02     3.506122E-01     3.031067E-03     1.000000E+00 
  155   223   155     3.364952E+01     2.979641E+00     6.713269E-02     3.768666E-01     3.253812E-03     1.000000E+00 
  156   225   156     3.364904E+01     2.979630E+00     7.564939E-02     4.142290E-01     3.436003E-03     1.000000E+00 
  157   227   157     3.364874E+01     2.979607E+00     8.464328E-02     4.545682E-01     3.592235E-03     1.000000E+00 
  158   229   158     3.364837E+01     2.979572E+00     9.176894E-02     4.874732E-01     3.732776E-03     1.000000E+00 
  159   231   159     3.364767E+01     2.979524E+00     9.499915E-02     5.033278E-01     3.853584E-03     1.000000E+00 
  160   233   160     3.364652E+01     2.979462E+00     9.340080E-02     4.956294E-01     3.951709E-03     1.000000E+00 
  161   235   161     3.364491E+01     2.979388E+00     8.723916E-02     4.650813E-01     4.019525E-03     1.000000E+00 
  162   237   162     3.364294E+01     2.979302E+00     7.759582E-02     4.171049E-01     4.048144E-03     1.000000E+00 
  163   239   163     3.364076E+01     2.979204E+00     6.587928E-02     3.583554E-01     4.033750E-03     1.000000E+00 
  164   241   164     3.363851E+01     2.979094E+00     5.339311E-02     2.945256E-01     3.969154E-03     1.000000E+00 
  165   243   165     3.363632E+01     2.978972E+00     4.113155E-02     2.307078E-01     3.842542E-03     1.000000E+00 
  166   245   166     3.363426E+01     2.978838E+00     2.981005E-02     1.706069E-01     3.651110E-03     1.000000E+00 
  167   247   167     3.363239E+01     2.978692E+00     1.990114E-02     1.169653E-01     3.369499E-03     1.000000E+00 
  168   249   168     3.363076E+01     2.978529E+00     1.174147E-02     7.179233E-02     2.971526E-03     1.000000E+00 
  169   251   169     3.362940E+01     2.978346E+00     5.594875E-03     3.606540E-02     2.422912E-03     1.000000E+00 
  170   252   170     3.362809E+01     2.978064E+00     4.622953E-04     3.439384E-03     1.920543E-03     1.000000E+00 
  171   253   171     3.362743E+01     2.977912E+00     1.272350E-03     1.048277E-02     1.768577E-04     1.000000E+00 
  172   254   172     3.362709E+01     2.977751E+00     1.396917E-03     8.368105E-03     5.122385E-04     1.000000E+00 
  173   255   173     3.362690E+01     2.977747E+00     1.238329E-03     6.289309E-03     4.483014E-04     1.000000E+00 
  174   256   174     3.362667E+01     2.977802E+00     3.371144E-04     1.606222E-03     3.564134E-04     1.000000E+00 
  175   257   175     3.362651E+01     2.977838E+00     3.039733E-04     1.736290E-03     9.266796E-05     1.000000E+00 
  176   258   176     3.362634E+01     2.977883E+00     3.181983E-04     2.054310E-03     9.508071E-05     1.000000E+00 
  177   259   177     3.362628E+01     2.977891E+00     5.813844E-04     4.032164E-03     1.045081E-04     1.000000E+00 
  178   261   178     3.362634E+01     2.977878E+00     1.383589E-03     9.607910E-03     9.789403E-05     1.000000E+00 
  179   263   179     3.362641E+01     2.977866E+00     2.057725E-03     1.438257E-02     1.019122E-04     1.000000E+00 
  180   265   180     3.362646E+01     2.977855E+00     2.609191E-03     1.860103E-02     1.087854E-04     1.000000E+00 
  181   267   181     3.362650E+01     2.977845E+00     3.060332E-03     2.239172E-02     1.178397E-04     1.000000E+00 
  182   269   182     3.362650E+01     2.977838E+00     3.395001E-03     2.539734E-02     1.286904E-04     1.000000E+00 
  183   271   183     3.362646E+01     2.977833E+00     3.598392E-03     2.742597E-02     1.409478E-04     1.000000E+00 
  184   273   184     3.362640E+01     2.977831E+00     3.672790E-03     2.845722E-02     1.541158E-04     1.000000E+00 
  185   275   185     3.362630E+01     2.977833E+00     3.636623E-03     2.854462E-02     1.676092E-04     1.000000E+00 
  186   277   186     3.362618E+01     2.977838E+00     3.515311E-03     2.786176E-02     1.808102E-04     1.000000E+00 
  187   279   187     3.362604E+01     2.977846E+00     3.336980E-03     2.657139E-02     1.938872E-04     1.000000E+00 
  188   281   188     3.362589E+01     2.977858E+00     3.126955E-03     2.489006E-02     2.059535E-04     1.000000E+00 
  189   283   189     3.362574E+01     2.977873E+00     2.908100E-03     2.319343E-02     2.165720E-04     1.000000E+00 
  190   285   190     3.362560E+01     2.977892E+00     2.706220E-03     2.152916E-02     2.248443E-04     1.000000E+00 
  191   287   191     3.362547E+01     2.977913E+00     2.542109E-03     2.002799E-02     2.308596E-04     1.000000E+00 
  192   289   192     3.362535E+01     2.977937E+00     2.436236E-03     1.900782E-02     2.347820E-04     1.000000E+00 
  193   291   193     3.362525E+01     2.977963E+00     2.418185E-03     1.863927E-02     2.367712E-04     1.000000E+00 
  194   293   194     3.362516E+01     2.977990E+00     2.518903E-03     1.896599E-02     2.370930E-04     1.000000E+00 
  195   295   195     3.362510E+01     2.978015E+00     2.756072E-03     2.006871E-02     2.370952E-04     1.000000E+00 
  196   297   196     3.362506E+01     2.978040E+00     3.125616E-03     2.188001E-02     2.377064E-04     1.000000E+00 
  197   299   197     3.362503E+01     2.978061E+00     3.589545E-03     2.418742E-02     2.390968E-04     1.000000E+00 
  198   301   198     3.362500E+01     2.978080E+00     4.077146E-03     2.661471E-02     2.414842E-04     1.000000E+00 
  199   303   199     3.362497E+01     2.978096E+00     4.499472E-03     2.865873E-02     2.448266E-04     1.000000E+00 
  200   305   200     3.362492E+01     2.978109E+00     4.776749E-03     2.997079E-02     2.488536E-04     1.000000E+00 
  201   307   201     3.362484E+01     2.978118E+00     4.867320E-03     3.040466E-02     2.531548E-04     1.000000E+00 
  202   309   202     3.362474E+01     2.978125E+00     4.774140E-03     2.994965E-02     2.572968E-04     1.000000E+00 
  203   311   203     3.362462E+01     2.978128E+00     4.532764E-03     2.867289E-02     2.609513E-04     1.000000E+00 
  204   313   204     3.362449E+01     2.978129E+00     4.194637E-03     2.685121E-02     2.637704E-04     1.000000E+00 
  205   315   205     3.362435E+01     2.978126E+00     3.815965E-03     2.468797E-02     2.651974E-04     1.000000E+00 
  206   317   206     3.362421E+01     2.978120E+00     3.444384E-03     2.244019E-02     2.650132E-04     1.000000E+00 
  207   319   207     3.362408E+01     2.978112E+00     3.113196E-03     2.032500E-02     2.629477E-04     1.000000E+00 
  208   321   208     3.362395E+01     2.978100E+00     2.837839E-03     1.853530E-02     2.586452E-04     1.000000E+00 
  209   323   209     3.362384E+01     2.978085E+00     2.618603E-03     1.704022E-02     2.521314E-04     1.000000E+00 
  210   325   210     3.362375E+01     2.978069E+00     2.440602E-03     1.596958E-02     2.447381E-04     1.000000E+00 
  211   327   211     3.362367E+01     2.978052E+00     2.289119E-03     1.534927E-02     2.364279E-04     1.000000E+00 
  212   329   212     3.362360E+01     2.978034E+00     2.150601E-03     1.501947E-02     2.277464E-04     1.000000E+00 
  213   331   213     3.362354E+01     2.978017E+00     2.011853E-03     1.461555E-02     2.188797E-04     1.000000E+00 
  214   333   214     3.362348E+01     2.978002E+00     1.856159E-03     1.390422E-02     2.108515E-04     1.000000E+00 
  215   335   215     3.362340E+01     2.977989E+00     1.671356E-03     1.254300E-02     2.024658E-04     1.000000E+00 
  216   337   216     3.362332E+01     2.977979E+00     1.439486E-03     1.057415E-02     1.932955E-04     1.000000E+00 
  217   339   217     3.362322E+01     2.977971E+00     1.152498E-03     8.189176E-03     1.818875E-04     1.000000E+00 
  218   341   218     3.362312E+01     2.977967E+00     8.228234E-04     5.609375E-03     1.664757E-04     1.000000E+00 
  219   343   219     3.362303E+01     2.977966E+00     4.836596E-04     3.128056E-03     1.450112E-04     1.000000E+00 
  220   345   220     3.362295E+01     2.977971E+00     1.847078E-04     1.128939E-03     1.148179E-04     1.000000E+00 
  221   346   221     3.362291E+01     2.977988E+00     1.039957E-05     7.598426E-05     5.913669E-05     1.000000E+00 
  222   347   222     3.362289E+01     2.978002E+00     2.455846E-05     2.543428E-04     3.343254E-06     1.000000E+00 
  223   348   223     3.362288E+01     2.978034E+00     3.246372E-05     2.080730E-04     1.191310E-05     1.000000E+00 
  224   349   224     3.362287E+01     2.978048E+00     4.787491E-05     2.597617E-04     1.156197E-05     1.000000E+00 
  225   350   225     3.362286E+01     2.978053E+00     2.848572E-05     1.981580E-04     1.509456E-05     1.000000E+00 
  226   351   226     3.362285E+01     2.978049E+00     3.445516E-05     2.489010E-04     1.163813E-05     1.000000E+00 
  227   352   227     3.362284E+01     2.978038E+00     3.157312E-05     2.353271E-04     1.437238E-05     1.000000E+00 
  228   353   228     3.362283E+01     2.978025E+00     4.259058E-05     2.814775E-04     1.333591E-05     1.000000E+00 
  229   354   229     3.362283E+01     2.978013E+00     6.739342E-05     4.126077E-04     1.581958E-05     1.000000E+00 
  230   356   230     3.362284E+01     2.978008E+00     1.562247E-04     9.995876E-04     1.338594E-05     1.000000E+00 
  231   358   231     3.362284E+01     2.978004E+00     1.960542E-04     1.315172E-03     1.311587E-05     1.000000E+00 
  232   360   232     3.362283E+01     2.978003E+00     1.887864E-04     1.304117E-03     1.321770E-05     1.000000E+00 
  233   362   233     3.362282E+01     2.978001E+00     1.675732E-04     1.170133E-03     1.343079E-05     1.000000E+00 
  234   364   234     3.362281E+01     2.978001E+00     1.459723E-04     1.020311E-03     1.350121E-05     1.000000E+00 
  235   366   235     3.362280E+01     2.978001E+00     1.289732E-04     8.930325E-04     1.340510E-05     1.000000E+00 
  236   368   236     3.362280E+01     2.978001E+00     1.187410E-04     8.061373E-04     1.310822E-05     1.000000E+00 
  237   370   237     3.362279E+01     2.978002E+00     1.171243E-04     7.815683E-04     1.268170E-05     1.000000E+00 
  238   372   238     3.362279E+01     2.978003E+00     1.270453E-04     8.323730E-04     1.225602E-05     1.000000E+00 
  239   374   239     3.362279E+01     2.978004E+00     1.515349E-04     9.642415E-04     1.197018E-05     1.000000E+00 
  240   376   240     3.362279E+01     2.978005E+00     1.922741E-04     1.180746E-03     1.189445E-05     1.000000E+00 
  241   378   241     3.362279E+01     2.978005E+00     2.479970E-04     1.469017E-03     1.201858E-05     1.000000E+00 
  242   380   242     3.362279E+01     2.978006E+00     3.137615E-04     1.797246E-03     1.231649E-05     1.000000E+00 
  243   382   243     3.362279E+01     2.978006E+00     3.824204E-04     2.130096E-03     1.274294E-05     1.000000E+00 
  244   384   244     3.362280E+01     2.978005E+00     4.473093E-04     2.437631E-03     1.324076E-05     1.000000E+00 
  245   386   245     3.362280E+01     2.978005E+00     5.040849E-04     2.700635E-03     1.377802E-05     1.000000E+00 
  246   388   246     3.362280E+01     2.978004E+00     5.510451E-04     2.907052E-03     1.432491E-05     1.000000E+00 
  247   390   247     3.362280E+01     2.978003E+00     5.883032E-04     3.070775E-03     1.487442E-05     1.000000E+00 
  248   392   248     3.362280E+01     2.978002E+00     6.173325E-04     3.197485E-03     1.541065E-05     1.000000E+00 
  249   394   249     3.362280E+01     2.978000E+00     6.397838E-04     3.298100E-03     1.591366E-05     1.000000E+00 
  250   396   250     3.362280E+01     2.977998E+00     6.571565E-04     3.379207E-03     1.637465E-05     1.000000E+00 
  251   398   251     3.362280E+01     2.977997E+00     6.705408E-04     3.440889E-03     1.679532E-05     1.000000E+00 
  252   400   252     3.362279E+01     2.977995E+00     6.803934E-04     3.488723E-03     1.717478E-05     1.000000E+00 
  253   402   253     3.362279E+01     2.977993E+00     6.866563E-04     3.517600E-03     1.752522E-05     1.000000E+00 
  254   404   254     3.362279E+01     2.977991E+00     6.888178E-04     3.525312E-03     1.783742E-05     1.000000E+00 
  255   406   255     3.362279E+01     2.977988E+00     6.861033E-04     3.507812E-03     1.811786E-05     1.000000E+00 
  256   408   256     3.362278E+01     2.977986E+00     6.775592E-04     3.461546E-03     1.835384E-05     1.000000E+00 
  257   410   257     3.362278E+01     2.977984E+00     6.622588E-04     3.383068E-03     1.854311E-05     1.000000E+00 
  258   412   258     3.362277E+01     2.977982E+00     6.394432E-04     3.267217E-03     1.868229E-05     1.000000E+00 
  259   414   259     3.362277E+01     2.977980E+00     6.086103E-04     3.110987E-03     1.876793E-05     1.000000E+00 
  260   416   260     3.362276E+01     2.977978E+00     5.696326E-04     2.913471E-03     1.879431E-05     1.000000E+00 
  261   418   261     3.362275E+01     2.977976E+00     5.228594E-04     2.676292E-03     1.875604E-05     1.000000E+00 
  262   420   262     3.362274E+01     2.977975E+00     4.691158E-04     2.404688E-03     1.864217E-05     1.000000E+00 
  263   422   263     3.362273E+01     2.977973E+00     4.097308E-04     2.104912E-03     1.843760E-05     1.000000E+00 
  264   424   264     3.362272E+01     2.977971E+00     3.464432E-04     1.786242E-03     1.812733E-05     1.000000E+00 
  265   426   265     3.362270E+01     2.977970E+00     2.813264E-04     1.459194E-03     1.767700E-05     1.000000E+00 
  266   428   266     3.362269E+01     2.977968E+00     2.167019E-04     1.134080E-03     1.704586E-05     1.000000E+00 
  267   430   267     3.362268E+01     2.977967E+00     1.550681E-04     8.213525E-04     1.617320E-05     1.000000E+00 
  268   432   268     3.362267E+01     2.977966E+00     9.908463E-05     5.356147E-04     1.496604E-05     1.000000E+00 
  269   434   269     3.362266E+01     2.977965E+00     5.169634E-05     2.909579E-04     1.326940E-05     1.000000E+00 
  270   436   270     3.362266E+01     2.977964E+00     1.658196E-05     1.024764E-04     1.063961E-05     1.000000E+00 
  271   437   271     3.362265E+01     2.977965E+00     4.061368E-07     3.882507E-06     5.811133E-06     1.000000E+00 
  272   438   272     3.362265E+01     2.977966E+00     7.217237E-06     4.883725E-05     1.749401E-07     1.000000E+00 
  273   440   273     3.362265E+01     2.977967E+00     1.596466E-05     9.415486E-05     3.124742E-07     1.000000E+00 
  274   442   274     3.362265E+01     2.977968E+00     1.670042E-05     9.572493E-05     3.918163E-07     1.000000E+00 
  275   444   275     3.362265E+01     2.977969E+00     1.411218E-05     8.060917E-05     4.461180E-07     1.000000E+00 
  276   446   276     3.362265E+01     2.977970E+00     1.094381E-05     6.295187E-05     4.843941E-07     1.000000E+00 
  277   448   277     3.362265E+01     2.977970E+00     7.930365E-06     4.631426E-05     5.090111E-07     1.000000E+00 
  278   450   278     3.362265E+01     2.977971E+00     5.288654E-06     3.166722E-05     5.169264E-07     1.000000E+00 
  279   452   279     3.362265E+01     2.977972E+00     3.109574E-06     1.941925E-05     5.033751E-07     1.000000E+00 
  280   454   280     3.362265E+01     2.977972E+00     1.456791E-06     9.851447E-06     4.590468E-07     1.000000E+00 
  281   455   281     3.362265E+01     2.977974E+00     4.444530E-08     4.167067E-07     5.163869E-07     1.000000E+00 
  282   456   282     3.362265E+01     2.977974E+00     1.056081E-06     8.860634E-06     1.832014E-08     1.000000E+00 
  283   458   283     3.362265E+01     2.977973E+00     2.832642E-06     1.970730E-05     6.485630E-08     1.000000E+00 
  284   460   284     3.362265E+01     2.977973E+00     3.711653E-06     2.400533E-05     9.310611E-08     1.000000E+00 
  285   462   285     3.362265E+01     2.977972E+00     3.558817E-06     2.250471E-05     1.126532E-07     1.000000E+00 
  286   464   286     3.362265E+01     2.977971E+00     3.033642E-06     1.923419E-05     1.273280E-07     1.000000E+00 
  287   466   287     3.362265E+01     2.977971E+00     2.453174E-06     1.578779E-05     1.377810E-07     1.000000E+00 
  288   468   288     3.362265E+01     2.977970E+00     1.924194E-06     1.269953E-05     1.443739E-07     1.000000E+00 
  289   470   289     3.362265E+01     2.977969E+00     1.486251E-06     1.008843E-05     1.469931E-07     1.000000E+00 
  290   472   290     3.362265E+01     2.977969E+00     1.159904E-06     8.097129E-06     1.465117E-07     1.000000E+00 
  291   474   291     3.362265E+01     2.977968E+00     9.689403E-07     6.833796E-06     1.425093E-07     1.000000E+00 
  292   476   292     3.362265E+01     2.977967E+00     9.532477E-07     6.556665E-06     1.356453E-07     1.000000E+00 
  293   478   293     3.362265E+01     2.977966E+00     1.190277E-06     7.467449E-06     1.286452E-07     1.000000E+00 
  294   480   294     3.362265E+01     2.977965E+00     1.787666E-06     1.025290E-05     1.269415E-07     1.000000E+00 
  295   482   295     3.362265E+01     2.977965E+00     2.831132E-06     1.544674E-05     1.316153E-07     1.000000E+00 
  296   484   296     3.362265E+01     2.977964E+00     4.226110E-06     2.269172E-05     1.406760E-07     1.000000E+00 
  297   486   297     3.362265E+01     2.977964E+00     5.686665E-06     3.038160E-05     1.520582E-07     1.000000E+00 
  298   488   298     3.362265E+01     2.977963E+00     6.920748E-06     3.692231E-05     1.647911E-07     1.000000E+00 
  299   490   299     3.362265E+01     2.977963E+00     7.784897E-06     4.150887E-05     1.778926E-07     1.000000E+00 
  300   492   300     3.362265E+01     2.977963E+00     8.281552E-06     4.436007E-05     1.909088E-07     1.000000E+00 
  301   494   301     3.362265E+01     2.977963E+00     8.489990E-06     4.578920E-05     2.032008E-07     1.000000E+00 
  302   496   302     3.362265E+01     2.977963E+00     8.500526E-06     4.615094E-05     2.144863E-07     1.000000E+00 
  303   498   303     3.362265E+01     2.977963E+00     8.385042E-06     4.583466E-05     2.245733E-07     1.000000E+00 
  304   500   304     3.362265E+01     2.977963E+00     8.194692E-06     4.506088E-05     2.335913E-07     1.000000E+00 
  305   502   305     3.362265E+01     2.977963E+00     7.960383E-06     4.397188E-05     2.415591E-07     1.000000E+00 
  306   504   306     3.362265E+01     2.977963E+00     7.697805E-06     4.268381E-05     2.489035E-07     1.000000E+00 
  307   506   307     3.362265E+01     2.977963E+00     7.411671E-06     4.122547E-05     2.558137E-07     1.000000E+00 
  308   508   308     3.362265E+01     2.977963E+00     7.098849E-06     3.964397E-05     2.614138E-07     1.000000E+00 
  309   510   309     3.362265E+01     2.977963E+00     6.754399E-06     3.782782E-05     2.656641E-07     1.000000E+00 
  310   512   310     3.362265E+01     2.977963E+00     6.368183E-06     3.578871E-05     2.685583E-07     1.000000E+00 
  311   514   311     3.362265E+01     2.977963E+00     5.932611E-06     3.346878E-05     2.701293E-07     1.000000E+00 
  312   516   312     3.362265E+01     2.977963E+00     5.441480E-06     3.088007E-05     2.702317E-07     1.000000E+00 
  313   518   313     3.362265E+01     2.977963E+00     4.893817E-06     2.796870E-05     2.687669E-07     1.000000E+00 
  314   520   314     3.362265E+01     2.977963E+00     4.292951E-06     2.474532E-05     2.656411E-07     1.000000E+00 
  315   522   315     3.362265E+01     2.977963E+00     3.648404E-06     2.131586E-05     2.605129E-07     1.000000E+00 
  316   524   316     3.362265E+01     2.977964E+00     2.979285E-06     1.770239E-05     2.530365E-07     1.000000E+00 
  317   526   317     3.362265E+01     2.977964E+00     2.308449E-06     1.401049E-05     2.428090E-07     1.000000E+00 
  318   528   318     3.362265E+01     2.977964E+00     1.664203E-06     1.031114E-05     2.289499E-07     1.000000E+00 
  319   530   319     3.362265E+01     2.977964E+00     1.074699E-06     6.848837E-06     2.104091E-07     1.000000E+00 
  320   532   320     3.362265E+01     2.977964E+00     5.761839E-07     3.854004E-06     1.851169E-07     1.000000E+00 
  321   534   321     3.362265E+01     2.977964E+00     2.108673E-07     1.517169E-06     1.482452E-07     1.000000E+00 
  322   535   322     3.362265E+01     2.977964E+00     2.114213E-08     1.571049E-07     9.111683E-08     1.000000E+00 
  323   536   323     3.362265E+01     2.977964E+00     1.271968E-07     8.377286E-07     9.022873E-09     1.000000E+00 
  324   538   324     3.362265E+01     2.977964E+00     2.060594E-07     1.341251E-06     1.153212E-08     1.000000E+00 
  325   540   325     3.362265E+01     2.977964E+00     1.728797E-07     1.143485E-06     1.310966E-08     1.000000E+00 
  326   542   326     3.362265E+01     2.977965E+00     1.123837E-07     7.588656E-07     1.421159E-08     1.000000E+00 
  327   544   327     3.362265E+01     2.977965E+00     5.838858E-08     4.141662E-07     1.421996E-08     1.000000E+00 
  328   545   328     3.362265E+01     2.977965E+00     8.764870E-09     5.796785E-08     1.942813E-08     1.000000E+00 
  329   545   328     3.362265E+01     2.977965E+00     8.764870E-09     5.796785E-08     4.893101E-13     1.000000E+00 
